The sg4sa/all file name is not as expected. at sg4sasa/sasa.pl line 51.
Reducing selfadhesive semigraphoids modulo symmetry... 254
[Thu Feb 15 19:44:11 2024] 000011111111111111110001 [AB: 1] [AC: 2] [AD: 2] [BC: 2] [BD: 2] [CD: 2] [ABC: 1] [ABD: 0] [ACD: 2] [BCD: 2] PASS
[Thu Feb 15 19:46:17 2024] 000011111111111111110010 [AB: 2] [AC: 2] [AD: 2] [BC: 2] [BD: 2] [CD: 2] [ABC: 2] [ABD: 0] [ACD: 2] [BCD: 2] PASS
[Thu Feb 15 19:48:23 2024] 000011111111111111110110 [AB: 2] [AC: 2] [AD: 2] [BC: 2] [BD: 2] [CD: 2] [ABC: 2] [ABD: 0] [ACD: 2] [BCD: 2] PASS
[Thu Feb 15 19:50:32 2024] 000011111111111111111000 [AB: 2] [AC: 2] [AD: 2] [BC: 2] [BD: 2] [CD: 2] [ABC: 2] [ABD: 0] [ACD: 2] [BCD: 2] PASS
[Thu Feb 15 19:52:31 2024] 000011111111111111111001 [AB: 1] [AC: 2] [AD: 2] [BC: 2] [BD: 2] [CD: 2] [ABC: 1] [ABD: 0] [ACD: 2] [BCD: 2] PASS
[Thu Feb 15 19:54:37 2024] 000111011101110111011110 [AB: 2] [AC: 2] [AD: 2] [BC: 2] [BD: 2] [CD: 2] [ABC: 2] [ABD: 0] [ACD: 1] [BCD: 1] PASS
[Thu Feb 15 19:56:23 2024] 000111011101110111111100 [AB: 2] [AC: 2] [AD: 2] [BC: 2] [BD: 2] [CD: 2] [ABC: 2] [ABD: 2] [ACD: 1] [BCD: 1] PASS
[Thu Feb 15 19:58:12 2024] 000111011101110111111101 [AB: 1] [AC: 2] [AD: 2] [BC: 2] [BD: 2] [CD: 2] [ABC: 1] [ABD: 1] [ACD: 1] [BCD: 1] PASS
[Thu Feb 15 20:00:13 2024] 000111011101110111111110 [AB: 2] [AC: 2] [AD: 2] [BC: 2] [BD: 2] [CD: 2] [ABC: 2] [ABD: 2] [ACD: 1] [BCD: 1] PASS
[Thu Feb 15 20:02:18 2024] 000111011101111111111100 [AB: 2] [AC: 2] [AD: 2] [BC: 2] [BD: 2] [CD: 2] [ABC: 2] [ABD: 0] [ACD: 1] [BCD: 1] PASS
[Thu Feb 15 20:04:27 2024] 000111011101111111111101 [AB: 1] [AC: 2] [AD: 2] [BC: 2] [BD: 2] [CD: 2] [ABC: 1] [ABD: 0] [ACD: 1] [BCD: 1] PASS
[Thu Feb 15 20:06:43 2024] 000111011101111111111110 [AB: 2] [AC: 2] [AD: 2] [BC: 2] [BD: 2] [CD: 2] [ABC: 2] [ABD: 0] [ACD: 1] [BCD: 1] PASS
[Thu Feb 15 20:09:02 2024] 000111011111110111111000 [AB: 2] [AC: 2] [AD: 2] [BC: 2] [BD: 2] [CD: 2] [ABC: 2] [ABD: 2] [ACD: 1] [BCD: 1] PASS
[Thu Feb 15 20:11:01 2024] 000111011111110111111001 [AB: 1] [AC: 2] [AD: 2] [BC: 2] [BD: 2] [CD: 2] [ABC: 1] [ABD: 1] [ACD: 1] [BCD: 1] PASS
[Thu Feb 15 20:13:11 2024] 000111011111110111111010 [AB: 2] [AC: 2] [AD: 2] [BC: 2] [BD: 2] [CD: 2] [ABC: 2] [ABD: 2] [ACD: 1] [BCD: 1] PASS
[Thu Feb 15 20:15:19 2024] 000111011111110111111011 [AB: 1] [AC: 2] [AD: 2] [BC: 2] [BD: 2] [CD: 2] [ABC: 1] [ABD: 1] [ACD: 1] [BCD: 1] PASS
[Thu Feb 15 20:17:30 2024] 000111011111110111111110 [AB: 2] [AC: 2] [AD: 2] [BC: 2] [BD: 2] [CD: 2] [ABC: 2] [ABD: 2] [ACD: 1] [BCD: 1] PASS
[Thu Feb 15 20:19:41 2024] 000111011111111111011000 [AB: 2] [AC: 2] [AD: 2] [BC: 2] [BD: 2] [CD: 2] [ABC: 2] [ABD: 2] [ACD: 1] [BCD: 1] PASS
[Thu Feb 15 20:21:30 2024] 000111011111111111011001 [AB: 1] [AC: 2] [AD: 2] [BC: 2] [BD: 2] [CD: 2] [ABC: 1] [ABD: 1] [ACD: 1] [BCD: 1] PASS
[Thu Feb 15 20:23:32 2024] 000111011111111111011010 [AB: 2] [AC: 2] [AD: 2] [BC: 2] [BD: 2] [CD: 2] [ABC: 2] [ABD: 2] [ACD: 1] [BCD: 1] PASS
[Thu Feb 15 20:25:32 2024] 000111011111111111011011 [AB: 1] [AC: 2] [AD: 2] [BC: 2] [BD: 2] [CD: 2] [ABC: 1] [ABD: 1] [ACD: 1] [BCD: 1] PASS
[Thu Feb 15 20:27:41 2024] 000111011111111111011110 [AB: 2] [AC: 2] [AD: 2] [BC: 2] [BD: 2] [CD: 2] [ABC: 2] [ABD: 2] [ACD: 1] [BCD: 1] PASS
[Thu Feb 15 20:29:52 2024] 000111011111111111111000 [AB: 2] [AC: 2] [AD: 2] [BC: 2] [BD: 2] [CD: 2] [ABC: 2] [ABD: 2] [ACD: 1] [BCD: 1] PASS
[Thu Feb 15 20:31:53 2024] 000111011111111111111001 [AB: 1] [AC: 2] [AD: 2] [BC: 2] [BD: 2] [CD: 2] [ABC: 1] [ABD: 1] [ACD: 1] [BCD: 1] PASS
[Thu Feb 15 20:34:07 2024] 000111011111111111111010 [AB: 2] [AC: 2] [AD: 2] [BC: 2] [BD: 2] [CD: 2] [ABC: 2] [ABD: 2] [ACD: 1] [BCD: 1] PASS
[Thu Feb 15 20:36:24 2024] 000111011111111111111100 [AB: 2] [AC: 2] [AD: 2] [BC: 2] [BD: 2] [CD: 2] [ABC: 2] [ABD: 2] [ACD: 1] [BCD: 1] PASS
[Thu Feb 15 20:38:41 2024] 000111011111111111111101 [AB: 1] [AC: 2] [AD: 2] [BC: 2] [BD: 2] [CD: 2] [ABC: 1] [ABD: 1] [ACD: 1] [BCD: 1] PASS
[Thu Feb 15 20:41:06 2024] 000111011111111111111110 [AB: 2] [AC: 2] [AD: 2] [BC: 2] [BD: 2] [CD: 2] [ABC: 2] [ABD: 2] [ACD: 1] [BCD: 1] PASS
[Thu Feb 15 20:43:32 2024] 000111111111111111110010 [AB: 2] [AC: 2] [AD: 2] [BC: 2] [BD: 2] [CD: 1] [ABC: 2] [ABD: 0] [ACD: 1] [BCD: 1] PASS
[Thu Feb 15 20:45:53 2024] 000111111111111111110110 [AB: 2] [AC: 2] [AD: 2] [BC: 2] [BD: 2] [CD: 1] [ABC: 2] [ABD: 0] [ACD: 1] [BCD: 1] PASS
[Thu Feb 15 20:48:19 2024] 000111111111111111111000 [AB: 2] [AC: 2] [AD: 2] [BC: 2] [BD: 2] [CD: 1] [ABC: 2] [ABD: 0] [ACD: 1] [BCD: 1] PASS
[Thu Feb 15 20:50:29 2024] 000111111111111111111001 [AB: 1] [AC: 2] [AD: 2] [BC: 2] [BD: 2] [CD: 1] [ABC: 1] [ABD: 0] [ACD: 1] [BCD: 1] PASS
[Thu Feb 15 20:52:45 2024] 000111111111111111111010 [AB: 2] [AC: 2] [AD: 2] [BC: 2] [BD: 2] [CD: 1] [ABC: 2] [ABD: 0] [ACD: 1] [BCD: 1] PASS
[Thu Feb 15 20:55:05 2024] 000111111111111111111110 [AB: 2] [AC: 2] [AD: 2] [BC: 2] [BD: 2] [CD: 1] [ABC: 2] [ABD: 0] [ACD: 1] [BCD: 1] PASS
[Thu Feb 15 20:57:35 2024] 001011111111111111111000 [AB: 2] [AC: 2] [AD: 2] [BC: 2] [BD: 2] [CD: 2] [ABC: 2] [ABD: 2] [ACD: 2] [BCD: 2] PASS
[Thu Feb 15 20:59:51 2024] 001011111111111111111001 [AB: 1] [AC: 2] [AD: 2] [BC: 2] [BD: 2] [CD: 2] [ABC: 1] [ABD: 1] [ACD: 2] [BCD: 2] PASS
[Thu Feb 15 21:02:12 2024] 001111001101111101011110 [AB: 2] [AC: 2] [AD: 2] [BC: 2] [BD: 2] [CD: 2] [ABC: 2] [ABD: 2] [ACD: 1] [BCD: 2] PASS
[Thu Feb 15 21:04:12 2024] 001111001101111101111110 [AB: 2] [AC: 2] [AD: 2] [BC: 2] [BD: 2] [CD: 2] [ABC: 2] [ABD: 2] [ACD: 1] [BCD: 2] PASS
[Thu Feb 15 21:06:13 2024] 001111001111111101011011 [AB: 2] [AC: 2] [AD: 2] [BC: 2] [BD: 2] [CD: 2] [ABC: 1] [ABD: 2] [ACD: 1] [BCD: 2] PASS
[Thu Feb 15 21:08:22 2024] 001111001111111101011110 [AB: 2] [AC: 2] [AD: 2] [BC: 2] [BD: 2] [CD: 2] [ABC: 2] [ABD: 2] [ACD: 1] [BCD: 2] PASS
[Thu Feb 15 21:10:29 2024] 001111001111111101111010 [AB: 2] [AC: 2] [AD: 2] [BC: 2] [BD: 2] [CD: 2] [ABC: 2] [ABD: 2] [ACD: 1] [BCD: 2] PASS
[Thu Feb 15 21:12:35 2024] 001111001111111101111110 [AB: 2] [AC: 2] [AD: 2] [BC: 2] [BD: 2] [CD: 2] [ABC: 2] [ABD: 2] [ACD: 1] [BCD: 2] PASS
[Thu Feb 15 21:14:41 2024] 001111001111111111011010 [AB: 2] [AC: 2] [AD: 2] [BC: 2] [BD: 2] [CD: 2] [ABC: 2] [ABD: 2] [ACD: 1] [BCD: 2] PASS
[Thu Feb 15 21:16:35 2024] 001111001111111111011011 [AB: 2] [AC: 2] [AD: 2] [BC: 2] [BD: 2] [CD: 2] [ABC: 1] [ABD: 2] [ACD: 1] [BCD: 2] PASS
[Thu Feb 15 21:18:38 2024] 001111011101110111011110 [AB: 2] [AC: 2] [AD: 2] [BC: 2] [BD: 2] [CD: 2] [ABC: 2] [ABD: 2] [ACD: 1] [BCD: 1] PASS
[Thu Feb 15 21:20:31 2024] 001111011101110111111100 [AB: 2] [AC: 2] [AD: 2] [BC: 2] [BD: 2] [CD: 2] [ABC: 2] [ABD: 2] [ACD: 1] [BCD: 1] PASS
[Thu Feb 15 21:22:23 2024] 001111011101110111111101 [AB: 1] [AC: 2] [AD: 2] [BC: 2] [BD: 2] [CD: 2] [ABC: 1] [ABD: 1] [ACD: 1] [BCD: 1] PASS
[Thu Feb 15 21:24:25 2024] 001111011101110111111110 [AB: 2] [AC: 2] [AD: 2] [BC: 2] [BD: 2] [CD: 2] [ABC: 2] [ABD: 2] [ACD: 1] [BCD: 1] PASS
[Thu Feb 15 21:26:25 2024] 001111011101111101011110 [AB: 2] [AC: 2] [AD: 2] [BC: 2] [BD: 2] [CD: 2] [ABC: 2] [ABD: 2] [ACD: 1] [BCD: 1] PASS
[Thu Feb 15 21:28:26 2024] 001111011101111101111110 [AB: 2] [AC: 2] [AD: 2] [BC: 2] [BD: 2] [CD: 2] [ABC: 2] [ABD: 2] [ACD: 1] [BCD: 1] PASS
[Thu Feb 15 21:30:42 2024] 001111011101111111011100 [AB: 2] [AC: 2] [AD: 2] [BC: 2] [BD: 2] [CD: 2] [ABC: 2] [ABD: 2] [ACD: 1] [BCD: 1] PASS
[Thu Feb 15 21:32:44 2024] 001111011101111111011101 [AB: 1] [AC: 2] [AD: 2] [BC: 2] [BD: 2] [CD: 2] [ABC: 1] [ABD: 1] [ACD: 1] [BCD: 1] PASS
[Thu Feb 15 21:34:55 2024] 001111011101111111011110 [AB: 2] [AC: 2] [AD: 2] [BC: 2] [BD: 2] [CD: 2] [ABC: 2] [ABD: 2] [ACD: 1] [BCD: 1] PASS
[Thu Feb 15 21:37:08 2024] 001111011101111111111100 [AB: 2] [AC: 2] [AD: 2] [BC: 2] [BD: 2] [CD: 2] [ABC: 2] [ABD: 2] [ACD: 1] [BCD: 1] PASS
[Thu Feb 15 21:39:19 2024] 001111011101111111111101 [AB: 1] [AC: 2] [AD: 2] [BC: 2] [BD: 2] [CD: 2] [ABC: 1] [ABD: 1] [ACD: 1] [BCD: 1] PASS
[Thu Feb 15 21:41:36 2024] 001111011101111111111110 [AB: 2] [AC: 2] [AD: 2] [BC: 2] [BD: 2] [CD: 2] [ABC: 2] [ABD: 2] [ACD: 1] [BCD: 1] PASS
[Thu Feb 15 21:43:54 2024] 001111011111110111111000 [AB: 2] [AC: 2] [AD: 2] [BC: 2] [BD: 2] [CD: 2] [ABC: 2] [ABD: 2] [ACD: 1] [BCD: 1] PASS
[Thu Feb 15 21:45:57 2024] 001111011111110111111001 [AB: 1] [AC: 2] [AD: 2] [BC: 2] [BD: 2] [CD: 2] [ABC: 1] [ABD: 1] [ACD: 1] [BCD: 1] PASS
[Thu Feb 15 21:47:59 2024] 001111011111110111111010 [AB: 2] [AC: 2] [AD: 2] [BC: 2] [BD: 2] [CD: 2] [ABC: 2] [ABD: 2] [ACD: 1] [BCD: 1] PASS
[Thu Feb 15 21:50:00 2024] 001111011111110111111011 [AB: 1] [AC: 2] [AD: 2] [BC: 2] [BD: 2] [CD: 2] [ABC: 1] [ABD: 1] [ACD: 1] [BCD: 1] PASS
[Thu Feb 15 21:52:08 2024] 001111011111110111111110 [AB: 2] [AC: 2] [AD: 2] [BC: 2] [BD: 2] [CD: 2] [ABC: 2] [ABD: 2] [ACD: 1] [BCD: 1] PASS
[Thu Feb 15 21:54:20 2024] 001111011111111101011110 [AB: 2] [AC: 2] [AD: 2] [BC: 2] [BD: 2] [CD: 2] [ABC: 2] [ABD: 2] [ACD: 1] [BCD: 1] PASS
[Thu Feb 15 21:56:35 2024] 001111011111111101111010 [AB: 2] [AC: 2] [AD: 2] [BC: 2] [BD: 2] [CD: 2] [ABC: 2] [ABD: 2] [ACD: 1] [BCD: 1] PASS
[Thu Feb 15 21:58:47 2024] 001111011111111101111110 [AB: 2] [AC: 2] [AD: 2] [BC: 2] [BD: 2] [CD: 2] [ABC: 2] [ABD: 2] [ACD: 1] [BCD: 1] PASS
[Thu Feb 15 22:00:59 2024] 001111011111111111011000 [AB: 2] [AC: 2] [AD: 2] [BC: 2] [BD: 2] [CD: 2] [ABC: 2] [ABD: 2] [ACD: 1] [BCD: 1] PASS
[Thu Feb 15 22:02:52 2024] 001111011111111111011001 [AB: 1] [AC: 2] [AD: 2] [BC: 2] [BD: 2] [CD: 2] [ABC: 1] [ABD: 1] [ACD: 1] [BCD: 1] PASS
[Thu Feb 15 22:04:54 2024] 001111011111111111011010 [AB: 2] [AC: 2] [AD: 2] [BC: 2] [BD: 2] [CD: 2] [ABC: 2] [ABD: 2] [ACD: 1] [BCD: 1] PASS
[Thu Feb 15 22:06:57 2024] 001111011111111111011011 [AB: 1] [AC: 2] [AD: 2] [BC: 2] [BD: 1] [CD: 2] [ABC: 1] [ABD: 1] [ACD: 1] [BCD: 1] PASS
[Thu Feb 15 22:09:06 2024] 001111011111111111011100 [AB: 2] [AC: 2] [AD: 2] [BC: 2] [BD: 2] [CD: 2] [ABC: 2] [ABD: 2] [ACD: 1] [BCD: 1] PASS
[Thu Feb 15 22:11:08 2024] 001111011111111111011101 [AB: 1] [AC: 2] [AD: 2] [BC: 2] [BD: 2] [CD: 2] [ABC: 1] [ABD: 1] [ACD: 1] [BCD: 1] PASS
[Thu Feb 15 22:13:26 2024] 001111011111111111011110 [AB: 2] [AC: 2] [AD: 2] [BC: 2] [BD: 2] [CD: 2] [ABC: 2] [ABD: 2] [ACD: 1] [BCD: 1] PASS
[Thu Feb 15 22:15:45 2024] 001111011111111111111000 [AB: 2] [AC: 2] [AD: 2] [BC: 2] [BD: 2] [CD: 2] [ABC: 2] [ABD: 2] [ACD: 1] [BCD: 1] PASS
[Thu Feb 15 22:17:55 2024] 001111011111111111111001 [AB: 1] [AC: 2] [AD: 2] [BC: 2] [BD: 2] [CD: 2] [ABC: 1] [ABD: 1] [ACD: 1] [BCD: 1] PASS
[Thu Feb 15 22:20:12 2024] 001111011111111111111010 [AB: 2] [AC: 2] [AD: 2] [BC: 2] [BD: 2] [CD: 2] [ABC: 2] [ABD: 2] [ACD: 1] [BCD: 1] PASS
[Thu Feb 15 22:22:29 2024] 001111011111111111111100 [AB: 2] [AC: 2] [AD: 2] [BC: 2] [BD: 2] [CD: 2] [ABC: 2] [ABD: 2] [ACD: 1] [BCD: 1] PASS
[Thu Feb 15 22:24:40 2024] 001111011111111111111101 [AB: 1] [AC: 2] [AD: 2] [BC: 2] [BD: 2] [CD: 2] [ABC: 1] [ABD: 1] [ACD: 1] [BCD: 1] PASS
[Thu Feb 15 22:27:05 2024] 001111011111111111111110 [AB: 2] [AC: 2] [AD: 2] [BC: 2] [BD: 2] [CD: 2] [ABC: 2] [ABD: 2] [ACD: 1] [BCD: 1] PASS
[Thu Feb 15 22:29:28 2024] 001111101101111111011010 [AB: 2] [AC: 2] [AD: 2] [BC: 2] [BD: 2] [CD: 2] [ABC: 2] [ABD: 2] [ACD: 1] [BCD: 2] PASS
[Thu Feb 15 22:31:26 2024] 001111101101111111011011 [AB: 2] [AC: 2] [AD: 2] [BC: 2] [BD: 2] [CD: 2] [ABC: 1] [ABD: 2] [ACD: 1] [BCD: 2] PASS
[Thu Feb 15 22:33:28 2024] 001111101111111111011010 [AB: 2] [AC: 2] [AD: 2] [BC: 2] [BD: 2] [CD: 2] [ABC: 2] [ABD: 2] [ACD: 1] [BCD: 2] PASS
[Thu Feb 15 22:35:29 2024] 001111101111111111011011 [AB: 2] [AC: 2] [AD: 2] [BC: 2] [BD: 2] [CD: 2] [ABC: 1] [ABD: 2] [ACD: 1] [BCD: 2] PASS
[Thu Feb 15 22:37:39 2024] 001111111101111111011000 [AB: 2] [AC: 2] [AD: 2] [BC: 2] [BD: 2] [CD: 2] [ABC: 2] [ABD: 2] [ACD: 1] [BCD: 1] PASS
[Thu Feb 15 22:39:44 2024] 001111111101111111011001 [AB: 1] [AC: 2] [AD: 2] [BC: 2] [BD: 2] [CD: 2] [ABC: 1] [ABD: 1] [ACD: 1] [BCD: 1] PASS
[Thu Feb 15 22:41:55 2024] 001111111101111111011010 [AB: 2] [AC: 2] [AD: 2] [BC: 2] [BD: 2] [CD: 2] [ABC: 2] [ABD: 2] [ACD: 1] [BCD: 1] PASS
[Thu Feb 15 22:44:08 2024] 001111111101111111011011 [AB: 1] [AC: 2] [AD: 2] [BC: 2] [BD: 1] [CD: 2] [ABC: 1] [ABD: 1] [ACD: 1] [BCD: 1] PASS
[Thu Feb 15 22:46:30 2024] 001111111101111111111000 [AB: 2] [AC: 2] [AD: 2] [BC: 2] [BD: 2] [CD: 2] [ABC: 2] [ABD: 2] [ACD: 1] [BCD: 1] PASS
[Thu Feb 15 22:48:42 2024] 001111111101111111111001 [AB: 1] [AC: 2] [AD: 2] [BC: 2] [BD: 2] [CD: 2] [ABC: 1] [ABD: 1] [ACD: 1] [BCD: 1] PASS
[Thu Feb 15 22:51:02 2024] 001111111101111111111100 [AB: 2] [AC: 2] [AD: 2] [BC: 2] [BD: 2] [CD: 2] [ABC: 2] [ABD: 2] [ACD: 1] [BCD: 1] PASS
[Thu Feb 15 22:53:23 2024] 001111111101111111111101 [AB: 1] [AC: 2] [AD: 1] [BC: 2] [BD: 2] [CD: 2] [ABC: 1] [ABD: 1] [ACD: 1] [BCD: 1] PASS
[Thu Feb 15 22:55:52 2024] 001111111111111111111000 [AB: 2] [AC: 2] [AD: 2] [BC: 2] [BD: 2] [CD: 1] [ABC: 2] [ABD: 2] [ACD: 1] [BCD: 1] PASS
[Thu Feb 15 22:58:14 2024] 001111111111111111111001 [AB: 1] [AC: 2] [AD: 2] [BC: 2] [BD: 2] [CD: 1] [ABC: 1] [ABD: 1] [ACD: 1] [BCD: 1] PASS
[Thu Feb 15 23:00:33 2024] 011001100110011001100111 [AB: 2] [AC: 2] [AD: 2] [BC: 2] [BD: 2] [CD: 2] [ABC: 2] [ABD: 0] [ACD: 2] [BCD: 2] PASS
[Thu Feb 15 23:02:32 2024] 011001100110011001101110 [AB: 2] [AC: 2] [AD: 2] [BC: 2] [BD: 2] [CD: 2] [ABC: 2] [ABD: 0] [ACD: 2] [BCD: 2] PASS
[Thu Feb 15 23:04:28 2024] 011001100110011001110111 [AB: 2] [AC: 0] [AD: 2] [BC: 2] [BD: 2] [CD: 2] [ABC: 2] [ABD: 2] [ACD: 2] [BCD: 2] PASS
[Thu Feb 15 23:06:16 2024] 011001100110011001111110 [AB: 2] [AC: 2] [AD: 2] [BC: 2] [BD: 2] [CD: 2] [ABC: 2] [ABD: 2] [ACD: 2] [BCD: 2] PASS
[Thu Feb 15 23:08:15 2024] 011001100110011001111111 [AB: 2] [AC: 2] [AD: 2] [BC: 2] [BD: 2] [CD: 2] [ABC: 2] [ABD: 2] [ACD: 2] [BCD: 2] PASS
[Thu Feb 15 23:10:17 2024] 011001100110011011101110 [AB: 2] [AC: 0] [AD: 2] [BC: 2] [BD: 2] [CD: 2] [ABC: 2] [ABD: 2] [ACD: 2] [BCD: 2] PASS
[Thu Feb 15 23:11:55 2024] 011001100110011011101111 [AB: 2] [AC: 2] [AD: 2] [BC: 2] [BD: 2] [CD: 2] [ABC: 2] [ABD: 2] [ACD: 2] [BCD: 2] PASS
[Thu Feb 15 23:13:59 2024] 011001100110011101111110 [AB: 2] [AC: 2] [AD: 2] [BC: 2] [BD: 2] [CD: 2] [ABC: 2] [ABD: 0] [ACD: 2] [BCD: 2] PASS
[Thu Feb 15 23:16:08 2024] 011001100110011111101110 [AB: 2] [AC: 0] [AD: 2] [BC: 2] [BD: 2] [CD: 2] [ABC: 2] [ABD: 2] [ACD: 2] [BCD: 2] PASS
[Thu Feb 15 23:17:51 2024] 011001100110011111101111 [AB: 2] [AC: 2] [AD: 2] [BC: 2] [BD: 2] [CD: 2] [ABC: 2] [ABD: 2] [ACD: 2] [BCD: 2] PASS
[Thu Feb 15 23:20:05 2024] 011001100111011001111110 [AB: 2] [AC: 2] [AD: 2] [BC: 2] [BD: 2] [CD: 2] [ABC: 2] [ABD: 2] [ACD: 2] [BCD: 2] PASS
[Thu Feb 15 23:22:04 2024] 011001100111011011101110 [AB: 2] [AC: 0] [AD: 2] [BC: 2] [BD: 2] [CD: 2] [ABC: 2] [ABD: 2] [ACD: 2] [BCD: 2] PASS
[Thu Feb 15 23:23:37 2024] 011001100111011011101111 [AB: 2] [AC: 2] [AD: 2] [BC: 2] [BD: 2] [CD: 2] [ABC: 2] [ABD: 2] [ACD: 2] [BCD: 2] PASS
[Thu Feb 15 23:25:40 2024] 011001100111011101100110 [AB: 2] [AC: 0] [AD: 2] [BC: 0] [BD: 0] [CD: 0] [ABC: 2] [ABD: 2] [ACD: 2] [BCD: 0] PASS
[Thu Feb 15 23:26:20 2024] 011001100111011101100111 [AB: 2] [AC: 2] [AD: 2] [BC: 2] [BD: 2] [CD: 2] [ABC: 2] [ABD: 2] [ACD: 2] [BCD: 2] PASS
[Thu Feb 15 23:28:29 2024] 011001100111011101101110 [AB: 2] [AC: 2] [AD: 2] [BC: 2] [BD: 2] [CD: 2] [ABC: 2] [ABD: 2] [ACD: 2] [BCD: 2] PASS
[Thu Feb 15 23:30:32 2024] 011001100111011101101111 [AB: 2] [AC: 2] [AD: 2] [BC: 2] [BD: 2] [CD: 2] [ABC: 2] [ABD: 2] [ACD: 2] [BCD: 2] PASS
[Thu Feb 15 23:32:48 2024] 011001100111011101111110 [AB: 2] [AC: 2] [AD: 2] [BC: 2] [BD: 2] [CD: 2] [ABC: 2] [ABD: 2] [ACD: 2] [BCD: 2] PASS
[Thu Feb 15 23:35:02 2024] 011001100111011111101110 [AB: 2] [AC: 0] [AD: 2] [BC: 2] [BD: 2] [CD: 2] [ABC: 2] [ABD: 2] [ACD: 2] [BCD: 2] PASS
[Thu Feb 15 23:36:48 2024] 011001100111011111101111 [AB: 2] [AC: 2] [AD: 2] [BC: 2] [BD: 2] [CD: 2] [ABC: 2] [ABD: 2] [ACD: 2] [BCD: 2] PASS
[Thu Feb 15 23:39:02 2024] 011001100111111001100111 [AB: 2] [AC: 2] [AD: 2] [BC: 2] [BD: 2] [CD: 2] [ABC: 2] [ABD: 2] [ACD: 2] [BCD: 2] PASS
[Thu Feb 15 23:41:08 2024] 011001100111111001101110 [AB: 2] [AC: 2] [AD: 2] [BC: 2] [BD: 2] [CD: 2] [ABC: 2] [ABD: 2] [ACD: 2] [BCD: 2] PASS
[Thu Feb 15 23:43:08 2024] 011001100111111001111110 [AB: 2] [AC: 2] [AD: 2] [BC: 2] [BD: 2] [CD: 2] [ABC: 2] [ABD: 2] [ACD: 2] [BCD: 2] PASS
[Thu Feb 15 23:45:14 2024] 011001100111111101100111 [AB: 2] [AC: 2] [AD: 2] [BC: 2] [BD: 2] [CD: 2] [ABC: 2] [ABD: 2] [ACD: 2] [BCD: 2] PASS
[Thu Feb 15 23:47:27 2024] 011001100111111101101110 [AB: 2] [AC: 2] [AD: 2] [BC: 2] [BD: 2] [CD: 2] [ABC: 2] [ABD: 2] [ACD: 2] [BCD: 2] PASS
[Thu Feb 15 23:49:32 2024] 011001100111111101111110 [AB: 2] [AC: 2] [AD: 2] [BC: 2] [BD: 2] [CD: 2] [ABC: 2] [ABD: 2] [ACD: 2] [BCD: 2] PASS
[Thu Feb 15 23:51:43 2024] 011001101110011101111110 [AB: 2] [AC: 2] [AD: 2] [BC: 2] [BD: 2] [CD: 2] [ABC: 2] [ABD: 2] [ACD: 2] [BCD: 2] PASS
[Thu Feb 15 23:53:42 2024] 011001101110111001100110 [AB: 2] [AC: 0] [AD: 2] [BC: 0] [BD: 0] [CD: 0] [ABC: 2] [ABD: 2] [ACD: 2] [BCD: 0] PASS
[Thu Feb 15 23:54:17 2024] 011001101110111001100111 [AB: 2] [AC: 2] [AD: 2] [BC: 2] [BD: 2] [CD: 2] [ABC: 2] [ABD: 2] [ACD: 2] [BCD: 2] PASS
[Thu Feb 15 23:56:09 2024] 011001101110111001101110 [AB: 2] [AC: 2] [AD: 2] [BC: 2] [BD: 2] [CD: 2] [ABC: 2] [ABD: 2] [ACD: 2] [BCD: 2] PASS
[Thu Feb 15 23:57:54 2024] 011001101110111001101111 [AB: 2] [AC: 2] [AD: 2] [BC: 2] [BD: 2] [CD: 2] [ABC: 2] [ABD: 2] [ACD: 2] [BCD: 2] PASS
[Thu Feb 15 23:59:47 2024] 011001101110111001110111 [AB: 2] [AC: 0] [AD: 2] [BC: 2] [BD: 2] [CD: 2] [ABC: 2] [ABD: 2] [ACD: 2] [BCD: 2] PASS
[Fri Feb 16 00:01:26 2024] 011001101110111001111110 [AB: 2] [AC: 2] [AD: 2] [BC: 2] [BD: 2] [CD: 2] [ABC: 2] [ABD: 2] [ACD: 2] [BCD: 2] PASS
[Fri Feb 16 00:03:18 2024] 011001101110111001111111 [AB: 2] [AC: 2] [AD: 2] [BC: 2] [BD: 2] [CD: 2] [ABC: 2] [ABD: 2] [ACD: 2] [BCD: 2] PASS
[Fri Feb 16 00:05:18 2024] 011001101110111101100111 [AB: 2] [AC: 2] [AD: 2] [BC: 2] [BD: 2] [CD: 2] [ABC: 2] [ABD: 2] [ACD: 2] [BCD: 2] PASS
[Fri Feb 16 00:07:16 2024] 011001101110111101101110 [AB: 2] [AC: 2] [AD: 2] [BC: 2] [BD: 2] [CD: 2] [ABC: 2] [ABD: 2] [ACD: 2] [BCD: 2] PASS
[Fri Feb 16 00:09:08 2024] 011001101110111101111110 [AB: 2] [AC: 2] [AD: 2] [BC: 2] [BD: 2] [CD: 2] [ABC: 2] [ABD: 2] [ACD: 2] [BCD: 2] PASS
[Fri Feb 16 00:11:08 2024] 011001101111011101111110 [AB: 2] [AC: 2] [AD: 2] [BC: 2] [BD: 2] [CD: 2] [ABC: 2] [ABD: 2] [ACD: 2] [BCD: 2] PASS
[Fri Feb 16 00:13:13 2024] 011001101111111001111110 [AB: 2] [AC: 2] [AD: 2] [BC: 2] [BD: 2] [CD: 2] [ABC: 2] [ABD: 2] [ACD: 2] [BCD: 2] PASS
[Fri Feb 16 00:15:13 2024] 011001101111111101100111 [AB: 2] [AC: 2] [AD: 2] [BC: 2] [BD: 2] [CD: 2] [ABC: 2] [ABD: 2] [ACD: 2] [BCD: 2] PASS
[Fri Feb 16 00:17:17 2024] 011001101111111101101110 [AB: 2] [AC: 2] [AD: 2] [BC: 2] [BD: 2] [CD: 2] [ABC: 2] [ABD: 2] [ACD: 2] [BCD: 2] PASS
[Fri Feb 16 00:19:20 2024] 011001101111111101111110 [AB: 2] [AC: 2] [AD: 2] [BC: 2] [BD: 2] [CD: 2] [ABC: 2] [ABD: 2] [ACD: 2] [BCD: 2] PASS
[Fri Feb 16 00:21:34 2024] 011001110111011101110110 [AB: 2] [AC: 2] [AD: 2] [BC: 0] [BD: 0] [CD: 0] [ABC: 2] [ABD: 0] [ACD: 2] [BCD: 2] PASS
[Fri Feb 16 00:22:43 2024] 011001110111011101111110 [AB: 2] [AC: 2] [AD: 2] [BC: 2] [BD: 2] [CD: 2] [ABC: 2] [ABD: 0] [ACD: 2] [BCD: 2] PASS
[Fri Feb 16 00:24:55 2024] 011001110111011111100110 [AB: 2] [AC: 2] [AD: 2] [BC: 0] [BD: 2] [CD: 0] [ABC: 2] [ABD: 2] [ACD: 2] [BCD: 2] PASS
[Fri Feb 16 00:26:18 2024] 011001110111011111101110 [AB: 2] [AC: 2] [AD: 2] [BC: 2] [BD: 2] [CD: 2] [ABC: 2] [ABD: 2] [ACD: 2] [BCD: 2] PASS
[Fri Feb 16 00:28:22 2024] 011001110111011111110110 [AB: 2] [AC: 2] [AD: 2] [BC: 0] [BD: 2] [CD: 0] [ABC: 2] [ABD: 2] [ACD: 2] [BCD: 2] PASS
[Fri Feb 16 00:29:51 2024] 011001110111011111111110 [AB: 2] [AC: 2] [AD: 2] [BC: 2] [BD: 2] [CD: 2] [ABC: 2] [ABD: 2] [ACD: 2] [BCD: 2] PASS
[Fri Feb 16 00:32:13 2024] 011001111110111001110110 [AB: 2] [AC: 2] [AD: 2] [BC: 0] [BD: 0] [CD: 0] [ABC: 2] [ABD: 2] [ACD: 2] [BCD: 2] PASS
[Fri Feb 16 00:33:17 2024] 011001111110111001110111 [AB: 2] [AC: 2] [AD: 2] [BC: 2] [BD: 2] [CD: 2] [ABC: 2] [ABD: 2] [ACD: 2] [BCD: 2] PASS
[Fri Feb 16 00:35:23 2024] 011001111110111001111110 [AB: 2] [AC: 2] [AD: 2] [BC: 2] [BD: 2] [CD: 2] [ABC: 2] [ABD: 2] [ACD: 2] [BCD: 2] PASS
[Fri Feb 16 00:37:33 2024] 011001111110111001111111 [AB: 2] [AC: 2] [AD: 2] [BC: 2] [BD: 2] [CD: 2] [ABC: 2] [ABD: 2] [ACD: 2] [BCD: 2] PASS
[Fri Feb 16 00:39:44 2024] 011001111110111011100110 [AB: 2] [AC: 2] [AD: 2] [BC: 0] [BD: 2] [CD: 0] [ABC: 2] [ABD: 2] [ACD: 2] [BCD: 2] PASS
[Fri Feb 16 00:41:00 2024] 011001111110111011100111 [AB: 2] [AC: 2] [AD: 2] [BC: 2] [BD: 2] [CD: 2] [ABC: 2] [ABD: 2] [ACD: 2] [BCD: 2] PASS
[Fri Feb 16 00:43:00 2024] 011001111110111011110110 [AB: 2] [AC: 2] [AD: 2] [BC: 0] [BD: 2] [CD: 0] [ABC: 2] [ABD: 2] [ACD: 2] [BCD: 2] PASS
[Fri Feb 16 00:44:21 2024] 011001111110111011110111 [AB: 2] [AC: 2] [AD: 2] [BC: 2] [BD: 2] [CD: 2] [ABC: 2] [ABD: 2] [ACD: 2] [BCD: 2] PASS
[Fri Feb 16 00:46:38 2024] 011001111110111101110110 [AB: 2] [AC: 2] [AD: 2] [BC: 2] [BD: 0] [CD: 2] [ABC: 2] [ABD: 2] [ACD: 2] [BCD: 2] PASS
[Fri Feb 16 00:48:31 2024] 011001111110111101111110 [AB: 2] [AC: 2] [AD: 2] [BC: 2] [BD: 2] [CD: 2] [ABC: 2] [ABD: 2] [ACD: 2] [BCD: 2] PASS
[Fri Feb 16 00:50:46 2024] 011001111111111101110110 [AB: 2] [AC: 2] [AD: 2] [BC: 0] [BD: 0] [CD: 0] [ABC: 2] [ABD: 2] [ACD: 2] [BCD: 2] PASS
[Fri Feb 16 00:51:57 2024] 011001111111111101111110 [AB: 2] [AC: 2] [AD: 2] [BC: 2] [BD: 2] [CD: 2] [ABC: 2] [ABD: 2] [ACD: 2] [BCD: 2] PASS
[Fri Feb 16 00:54:19 2024] 011011101110111011100110 [AB: 2] [AC: 2] [AD: 2] [BC: 0] [BD: 0] [CD: 0] [ABC: 2] [ABD: 0] [ACD: 2] [BCD: 2] PASS
[Fri Feb 16 00:55:12 2024] 011011101110111011100111 [AB: 2] [AC: 2] [AD: 2] [BC: 2] [BD: 2] [CD: 2] [ABC: 2] [ABD: 0] [ACD: 2] [BCD: 2] PASS
[Fri Feb 16 00:57:04 2024] 011011101110111011110110 [AB: 2] [AC: 2] [AD: 2] [BC: 0] [BD: 2] [CD: 0] [ABC: 2] [ABD: 2] [ACD: 2] [BCD: 2] PASS
[Fri Feb 16 00:58:19 2024] 011011101110111011110111 [AB: 2] [AC: 2] [AD: 2] [BC: 2] [BD: 2] [CD: 2] [ABC: 2] [ABD: 2] [ACD: 2] [BCD: 2] PASS
[Fri Feb 16 01:00:18 2024] 011011101111111111100110 [AB: 2] [AC: 2] [AD: 2] [BC: 0] [BD: 0] [CD: 0] [ABC: 2] [ABD: 2] [ACD: 2] [BCD: 2] PASS
[Fri Feb 16 01:01:19 2024] 011011101111111111100111 [AB: 2] [AC: 2] [AD: 2] [BC: 2] [BD: 2] [CD: 2] [ABC: 2] [ABD: 2] [ACD: 2] [BCD: 2] PASS
[Fri Feb 16 01:03:25 2024] 011011111111111111111000 [AB: 2] [AC: 2] [AD: 2] [BC: 2] [BD: 2] [CD: 2] [ABC: 2] [ABD: 0] [ACD: 2] [BCD: 2] PASS
[Fri Feb 16 01:05:31 2024] 011011111111111111111001 [AB: 1] [AC: 2] [AD: 2] [BC: 2] [BD: 2] [CD: 2] [ABC: 1] [ABD: 0] [ACD: 2] [BCD: 2] PASS
[Fri Feb 16 01:07:42 2024] 011101111110111001110111 [AB: 2] [AC: 0] [AD: 2] [BC: 0] [BD: 0] [CD: 0] [ABC: 2] [ABD: 2] [ACD: 2] [BCD: 0] PASS
[Fri Feb 16 01:08:28 2024] 011101111110111001111110 [AB: 2] [AC: 2] [AD: 2] [BC: 2] [BD: 2] [CD: 2] [ABC: 2] [ABD: 2] [ACD: 2] [BCD: 2] PASS
[Fri Feb 16 01:10:34 2024] 011101111110111001111111 [AB: 2] [AC: 2] [AD: 2] [BC: 2] [BD: 2] [CD: 2] [ABC: 2] [ABD: 2] [ACD: 2] [BCD: 2] PASS
[Fri Feb 16 01:12:56 2024] 011111001111111111011010 [AB: 2] [AC: 2] [AD: 2] [BC: 2] [BD: 2] [CD: 2] [ABC: 2] [ABD: 2] [ACD: 1] [BCD: 2] PASS
[Fri Feb 16 01:15:05 2024] 011111001111111111011011 [AB: 2] [AC: 2] [AD: 2] [BC: 2] [BD: 2] [CD: 2] [ABC: 1] [ABD: 2] [ACD: 1] [BCD: 2] PASS
[Fri Feb 16 01:17:22 2024] 011111011101110111111100 [AB: 2] [AC: 2] [AD: 2] [BC: 2] [BD: 2] [CD: 2] [ABC: 2] [ABD: 2] [ACD: 1] [BCD: 1] PASS
[Fri Feb 16 01:19:32 2024] 011111011101110111111101 [AB: 1] [AC: 2] [AD: 2] [BC: 2] [BD: 2] [CD: 2] [ABC: 1] [ABD: 1] [ACD: 1] [BCD: 1] PASS
[Fri Feb 16 01:21:56 2024] 011111011101111111111100 [AB: 2] [AC: 2] [AD: 2] [BC: 2] [BD: 2] [CD: 2] [ABC: 2] [ABD: 0] [ACD: 1] [BCD: 1] PASS
[Fri Feb 16 01:24:11 2024] 011111011101111111111101 [AB: 1] [AC: 2] [AD: 2] [BC: 2] [BD: 2] [CD: 2] [ABC: 1] [ABD: 0] [ACD: 1] [BCD: 1] PASS
[Fri Feb 16 01:26:33 2024] 011111011110110111111010 [AB: 2] [AC: 2] [AD: 2] [BC: 2] [BD: 2] [CD: 2] [ABC: 2] [ABD: 2] [ACD: 1] [BCD: 2] PASS
[Fri Feb 16 01:28:40 2024] 011111011110110111111011 [AB: 2] [AC: 2] [AD: 2] [BC: 2] [BD: 2] [CD: 2] [ABC: 2] [ABD: 1] [ACD: 1] [BCD: 2] PASS
[Fri Feb 16 01:30:55 2024] 011111011111110111111000 [AB: 2] [AC: 2] [AD: 2] [BC: 2] [BD: 2] [CD: 2] [ABC: 2] [ABD: 2] [ACD: 1] [BCD: 1] PASS
[Fri Feb 16 01:33:12 2024] 011111011111110111111001 [AB: 1] [AC: 2] [AD: 2] [BC: 2] [BD: 2] [CD: 2] [ABC: 1] [ABD: 1] [ACD: 1] [BCD: 1] PASS
[Fri Feb 16 01:35:30 2024] 011111011111110111111010 [AB: 2] [AC: 2] [AD: 2] [BC: 2] [BD: 2] [CD: 2] [ABC: 2] [ABD: 2] [ACD: 1] [BCD: 1] PASS
[Fri Feb 16 01:37:40 2024] 011111011111110111111011 [AB: 1] [AC: 2] [AD: 2] [BC: 1] [BD: 2] [CD: 2] [ABC: 1] [ABD: 1] [ACD: 1] [BCD: 1] PASS
[Fri Feb 16 01:39:53 2024] 011111011111111111011000 [AB: 2] [AC: 2] [AD: 2] [BC: 2] [BD: 2] [CD: 2] [ABC: 2] [ABD: 2] [ACD: 1] [BCD: 1] PASS
[Fri Feb 16 01:41:55 2024] 011111011111111111011001 [AB: 1] [AC: 2] [AD: 2] [BC: 2] [BD: 2] [CD: 2] [ABC: 1] [ABD: 1] [ACD: 1] [BCD: 1] PASS
[Fri Feb 16 01:44:02 2024] 011111011111111111011010 [AB: 2] [AC: 2] [AD: 2] [BC: 2] [BD: 2] [CD: 2] [ABC: 2] [ABD: 2] [ACD: 1] [BCD: 1] PASS
[Fri Feb 16 01:46:09 2024] 011111011111111111011011 [AB: 1] [AC: 2] [AD: 2] [BC: 2] [BD: 1] [CD: 2] [ABC: 1] [ABD: 1] [ACD: 1] [BCD: 1] PASS
[Fri Feb 16 01:48:22 2024] 011111011111111111101100 [AB: 2] [AC: 2] [AD: 2] [BC: 2] [BD: 2] [CD: 2] [ABC: 2] [ABD: 2] [ACD: 2] [BCD: 1] PASS
[Fri Feb 16 01:50:35 2024] 011111011111111111101101 [AB: 2] [AC: 2] [AD: 2] [BC: 2] [BD: 2] [CD: 2] [ABC: 2] [ABD: 1] [ACD: 2] [BCD: 1] PASS
[Fri Feb 16 01:52:57 2024] 011111011111111111111000 [AB: 2] [AC: 2] [AD: 2] [BC: 2] [BD: 2] [CD: 2] [ABC: 2] [ABD: 2] [ACD: 1] [BCD: 1] PASS
[Fri Feb 16 01:55:06 2024] 011111011111111111111001 [AB: 1] [AC: 2] [AD: 2] [BC: 2] [BD: 2] [CD: 2] [ABC: 1] [ABD: 1] [ACD: 1] [BCD: 1] PASS
[Fri Feb 16 01:56:46 2024] 011111101110111011100111 [AB: 2] [AC: 2] [AD: 2] [BC: 0] [BD: 0] [CD: 0] [ABC: 2] [ABD: 0] [ACD: 2] [BCD: 2] PASS
[Fri Feb 16 01:57:31 2024] 011111101110111011110111 [AB: 2] [AC: 2] [AD: 2] [BC: 0] [BD: 2] [CD: 0] [ABC: 2] [ABD: 2] [ACD: 2] [BCD: 2] PASS
[Fri Feb 16 01:58:35 2024] 011111101111111111100111 [AB: 2] [AC: 2] [AD: 2] [BC: 0] [BD: 0] [CD: 0] [ABC: 2] [ABD: 2] [ACD: 2] [BCD: 2] PASS
[Fri Feb 16 01:59:26 2024] 100010111011111111111001 [AB: 2] [AC: 2] [AD: 2] [BC: 2] [BD: 2] [CD: 2] [ABC: 1] [ABD: 0] [ACD: 2] [BCD: 2] PASS
[Fri Feb 16 02:00:48 2024] 100010111011111111111011 [AB: 2] [AC: 2] [AD: 2] [BC: 2] [BD: 2] [CD: 2] [ABC: 1] [ABD: 0] [ACD: 2] [BCD: 2] PASS
[Fri Feb 16 02:02:15 2024] 100010111111111110111001 [AB: 2] [AC: 2] [AD: 2] [BC: 2] [BD: 2] [CD: 2] [ABC: 1] [ABD: 1] [ACD: 2] [BCD: 2] PASS
[Fri Feb 16 02:03:35 2024] 100010111111111110111011 [AB: 2] [AC: 2] [AD: 2] [BC: 2] [BD: 2] [CD: 2] [ABC: 1] [ABD: 1] [ACD: 2] [BCD: 2] PASS
[Fri Feb 16 02:05:03 2024] 100010111111111111111001 [AB: 2] [AC: 2] [AD: 2] [BC: 2] [BD: 2] [CD: 2] [ABC: 1] [ABD: 1] [ACD: 2] [BCD: 2] PASS
[Fri Feb 16 02:06:31 2024] 100010111111111111111011 [AB: 2] [AC: 2] [AD: 2] [BC: 2] [BD: 2] [CD: 2] [ABC: 1] [ABD: 1] [ACD: 2] [BCD: 2] PASS
[Fri Feb 16 02:08:04 2024] 100110011011110111011111 [AB: 2] [AC: 2] [AD: 2] [BC: 2] [BD: 2] [CD: 2] [ABC: 1] [ABD: 1] [ACD: 1] [BCD: 1] PASS
[Fri Feb 16 02:09:28 2024] 100110011011110111111101 [AB: 2] [AC: 2] [AD: 2] [BC: 2] [BD: 2] [CD: 2] [ABC: 1] [ABD: 1] [ACD: 1] [BCD: 1] PASS
[Fri Feb 16 02:10:52 2024] 100110011011110111111111 [AB: 2] [AC: 2] [AD: 2] [BC: 2] [BD: 2] [CD: 2] [ABC: 1] [ABD: 1] [ACD: 1] [BCD: 1] PASS
[Fri Feb 16 02:12:21 2024] 100110011011111111011101 [AB: 2] [AC: 2] [AD: 2] [BC: 2] [BD: 2] [CD: 2] [ABC: 1] [ABD: 1] [ACD: 1] [BCD: 1] PASS
[Fri Feb 16 02:13:45 2024] 100110011011111111011111 [AB: 2] [AC: 2] [AD: 2] [BC: 2] [BD: 2] [CD: 2] [ABC: 1] [ABD: 1] [ACD: 1] [BCD: 1] PASS
[Fri Feb 16 02:15:15 2024] 100110011011111111111101 [AB: 2] [AC: 2] [AD: 2] [BC: 2] [BD: 2] [CD: 2] [ABC: 1] [ABD: 1] [ACD: 1] [BCD: 1] PASS
[Fri Feb 16 02:16:44 2024] 100110011011111111111111 [AB: 2] [AC: 2] [AD: 2] [BC: 2] [BD: 2] [CD: 2] [ABC: 1] [ABD: 1] [ACD: 1] [BCD: 1] PASS
[Fri Feb 16 02:18:19 2024] 100110011111111110011011 [AB: 2] [AC: 2] [AD: 2] [BC: 2] [BD: 2] [CD: 2] [ABC: 1] [ABD: 1] [ACD: 1] [BCD: 1] PASS
[Fri Feb 16 02:19:43 2024] 100110011111111110111101 [AB: 2] [AC: 2] [AD: 2] [BC: 2] [BD: 2] [CD: 2] [ABC: 1] [ABD: 1] [ACD: 1] [BCD: 1] PASS
[Fri Feb 16 02:21:11 2024] 100110111011111111111001 [AB: 2] [AC: 2] [AD: 2] [BC: 2] [BD: 2] [CD: 1] [ABC: 1] [ABD: 0] [ACD: 1] [BCD: 1] PASS
[Fri Feb 16 02:22:39 2024] 100110111011111111111011 [AB: 2] [AC: 2] [AD: 2] [BC: 2] [BD: 2] [CD: 1] [ABC: 1] [ABD: 0] [ACD: 1] [BCD: 1] PASS
[Fri Feb 16 02:24:11 2024] 100110111101110111011111 [AB: 2] [AC: 2] [AD: 2] [BC: 2] [BD: 2] [CD: 2] [ABC: 1] [ABD: 1] [ACD: 1] [BCD: 1] PASS
[Fri Feb 16 02:25:40 2024] 100110111101110111111101 [AB: 2] [AC: 2] [AD: 2] [BC: 2] [BD: 2] [CD: 2] [ABC: 1] [ABD: 1] [ACD: 1] [BCD: 1] PASS
[Fri Feb 16 02:27:08 2024] 100110111101110111111111 [AB: 2] [AC: 2] [AD: 2] [BC: 2] [BD: 2] [CD: 2] [ABC: 1] [ABD: 1] [ACD: 1] [BCD: 1] PASS
[Fri Feb 16 02:28:41 2024] 100110111101111111011101 [AB: 2] [AC: 2] [AD: 2] [BC: 2] [BD: 2] [CD: 2] [ABC: 1] [ABD: 1] [ACD: 1] [BCD: 1] PASS
[Fri Feb 16 02:30:10 2024] 100110111101111111011111 [AB: 2] [AC: 2] [AD: 2] [BC: 2] [BD: 2] [CD: 2] [ABC: 1] [ABD: 1] [ACD: 1] [BCD: 1] PASS
[Fri Feb 16 02:31:44 2024] 100110111101111111111101 [AB: 2] [AC: 2] [AD: 2] [BC: 2] [BD: 2] [CD: 2] [ABC: 1] [ABD: 1] [ACD: 1] [BCD: 1] PASS
[Fri Feb 16 02:33:17 2024] 100110111101111111111111 [AB: 2] [AC: 2] [AD: 2] [BC: 2] [BD: 2] [CD: 2] [ABC: 1] [ABD: 1] [ACD: 1] [BCD: 1] PASS
[Fri Feb 16 02:34:56 2024] 100110111111111110111001 [AB: 2] [AC: 2] [AD: 2] [BC: 2] [BD: 2] [CD: 1] [ABC: 1] [ABD: 1] [ACD: 1] [BCD: 1] PASS
[Fri Feb 16 02:36:24 2024] 100110111111111110111011 [AB: 2] [AC: 2] [AD: 2] [BC: 2] [BD: 2] [CD: 1] [ABC: 1] [ABD: 1] [ACD: 1] [BCD: 1] PASS
[Fri Feb 16 02:37:57 2024] 100110111111111111011001 [AB: 2] [AC: 2] [AD: 2] [BC: 2] [BD: 0] [CD: 2] [ABC: 1] [ABD: 1] [ACD: 1] [BCD: 1] PASS
[Fri Feb 16 02:39:11 2024] 100110111111111111011011 [AB: 2] [AC: 2] [AD: 2] [BC: 2] [BD: 2] [CD: 2] [ABC: 1] [ABD: 1] [ACD: 1] [BCD: 1] PASS
[Fri Feb 16 02:40:45 2024] 100110111111111111111001 [AB: 2] [AC: 2] [AD: 2] [BC: 2] [BD: 2] [CD: 1] [ABC: 1] [ABD: 1] [ACD: 1] [BCD: 1] PASS
[Fri Feb 16 02:42:18 2024] 100110111111111111111011 [AB: 2] [AC: 2] [AD: 2] [BC: 2] [BD: 2] [CD: 1] [ABC: 1] [ABD: 1] [ACD: 1] [BCD: 1] PASS
[Fri Feb 16 02:43:55 2024] 100111011101110111011110 [AB: 2] [AC: 2] [AD: 2] [BC: 2] [BD: 2] [CD: 2] [ABC: 2] [ABD: 0] [ACD: 1] [BCD: 1] PASS
[Fri Feb 16 02:45:13 2024] 100111011101110111111100 [AB: 2] [AC: 2] [AD: 2] [BC: 2] [BD: 2] [CD: 2] [ABC: 2] [ABD: 2] [ACD: 1] [BCD: 1] PASS
[Fri Feb 16 02:46:33 2024] 100111011101110111111101 [AB: 1] [AC: 2] [AD: 2] [BC: 2] [BD: 2] [CD: 2] [ABC: 1] [ABD: 1] [ACD: 1] [BCD: 1] PASS
[Fri Feb 16 02:48:00 2024] 100111011101110111111110 [AB: 2] [AC: 2] [AD: 2] [BC: 2] [BD: 2] [CD: 2] [ABC: 2] [ABD: 2] [ACD: 1] [BCD: 1] PASS
[Fri Feb 16 02:49:27 2024] 100111011101111111111100 [AB: 2] [AC: 2] [AD: 2] [BC: 2] [BD: 2] [CD: 2] [ABC: 2] [ABD: 0] [ACD: 1] [BCD: 1] PASS
[Fri Feb 16 02:50:54 2024] 100111011101111111111101 [AB: 1] [AC: 2] [AD: 2] [BC: 2] [BD: 2] [CD: 2] [ABC: 1] [ABD: 0] [ACD: 1] [BCD: 1] PASS
[Fri Feb 16 02:52:27 2024] 100111011101111111111110 [AB: 2] [AC: 2] [AD: 2] [BC: 2] [BD: 2] [CD: 2] [ABC: 2] [ABD: 0] [ACD: 1] [BCD: 1] PASS
[Fri Feb 16 02:53:59 2024] 100111011111110111111010 [AB: 2] [AC: 2] [AD: 2] [BC: 2] [BD: 2] [CD: 2] [ABC: 2] [ABD: 2] [ACD: 1] [BCD: 1] PASS
[Fri Feb 16 02:55:26 2024] 100111011111110111111011 [AB: 1] [AC: 2] [AD: 2] [BC: 2] [BD: 2] [CD: 2] [ABC: 1] [ABD: 1] [ACD: 1] [BCD: 1] PASS
[Fri Feb 16 02:57:00 2024] 100111011111110111111110 [AB: 2] [AC: 2] [AD: 2] [BC: 2] [BD: 2] [CD: 2] [ABC: 2] [ABD: 2] [ACD: 1] [BCD: 1] PASS
[Fri Feb 16 02:58:33 2024] 100111011111111111011010 [AB: 2] [AC: 2] [AD: 2] [BC: 2] [BD: 2] [CD: 2] [ABC: 2] [ABD: 2] [ACD: 1] [BCD: 1] PASS
[Fri Feb 16 03:00:00 2024] 100111011111111111011011 [AB: 1] [AC: 2] [AD: 2] [BC: 2] [BD: 2] [CD: 2] [ABC: 1] [ABD: 1] [ACD: 1] [BCD: 1] PASS
[Fri Feb 16 03:01:33 2024] 100111011111111111011110 [AB: 2] [AC: 2] [AD: 2] [BC: 2] [BD: 2] [CD: 2] [ABC: 2] [ABD: 2] [ACD: 1] [BCD: 1] PASS
[Fri Feb 16 03:03:05 2024] 100111011111111111111010 [AB: 2] [AC: 2] [AD: 2] [BC: 2] [BD: 2] [CD: 2] [ABC: 2] [ABD: 2] [ACD: 1] [BCD: 1] PASS
[Fri Feb 16 03:04:37 2024] 100111011111111111111100 [AB: 2] [AC: 2] [AD: 2] [BC: 2] [BD: 2] [CD: 2] [ABC: 2] [ABD: 2] [ACD: 1] [BCD: 1] PASS
[Fri Feb 16 03:06:10 2024] 100111011111111111111101 [AB: 1] [AC: 2] [AD: 2] [BC: 2] [BD: 2] [CD: 2] [ABC: 1] [ABD: 1] [ACD: 1] [BCD: 1] PASS
[Fri Feb 16 03:07:47 2024] 100111011111111111111110 [AB: 2] [AC: 2] [AD: 2] [BC: 2] [BD: 2] [CD: 2] [ABC: 2] [ABD: 2] [ACD: 1] [BCD: 1] PASS
[Fri Feb 16 03:09:24 2024] 101010111011111110111011 [AB: 2] [AC: 2] [AD: 2] [BC: 2] [BD: 2] [CD: 2] [ABC: 1] [ABD: 1] [ACD: 2] [BCD: 2] PASS
[Fri Feb 16 03:10:50 2024] 101010111011111110111101 [AB: 2] [AC: 2] [AD: 2] [BC: 2] [BD: 2] [CD: 2] [ABC: 1] [ABD: 1] [ACD: 2] [BCD: 2] PASS
[Fri Feb 16 03:12:16 2024] 101010111011111111111011 [AB: 2] [AC: 2] [AD: 2] [BC: 2] [BD: 2] [CD: 2] [ABC: 1] [ABD: 1] [ACD: 2] [BCD: 2] PASS
[Fri Feb 16 03:13:48 2024] 101010111111111110111011 [AB: 2] [AC: 2] [AD: 2] [BC: 2] [BD: 2] [CD: 2] [ABC: 1] [ABD: 1] [ACD: 2] [BCD: 2] PASS
[Fri Feb 16 03:15:17 2024] 101010111111111110111101 [AB: 2] [AC: 2] [AD: 2] [BC: 2] [BD: 2] [CD: 2] [ABC: 1] [ABD: 1] [ACD: 2] [BCD: 2] PASS
[Fri Feb 16 03:16:46 2024] 101010111111111111111011 [AB: 2] [AC: 2] [AD: 2] [BC: 2] [BD: 2] [CD: 2] [ABC: 1] [ABD: 1] [ACD: 2] [BCD: 2] PASS
[Fri Feb 16 03:18:21 2024] 101011111011111110111011 [AB: 2] [AC: 2] [AD: 2] [BC: 2] [BD: 2] [CD: 2] [ABC: 1] [ABD: 1] [ACD: 2] [BCD: 2] PASS
[Fri Feb 16 03:19:51 2024] 101110111011110111011111 [AB: 2] [AC: 2] [AD: 1] [BC: 2] [BD: 2] [CD: 2] [ABC: 1] [ABD: 1] [ACD: 1] [BCD: 1] PASS
[Fri Feb 16 03:21:21 2024] 101110111011110111111101 [AB: 2] [AC: 2] [AD: 1] [BC: 2] [BD: 2] [CD: 2] [ABC: 1] [ABD: 1] [ACD: 1] [BCD: 1] PASS
[Fri Feb 16 03:22:51 2024] 101110111011110111111111 [AB: 2] [AC: 2] [AD: 1] [BC: 2] [BD: 2] [CD: 2] [ABC: 1] [ABD: 1] [ACD: 1] [BCD: 1] PASS
[Fri Feb 16 03:24:26 2024] 101110111011111011011101 [AB: 2] [AC: 2] [AD: 2] [BC: 2] [BD: 0] [CD: 2] [ABC: 1] [ABD: 2] [ACD: 2] [BCD: 0] PASS
[Fri Feb 16 03:25:37 2024] 101110111011111011011111 [AB: 2] [AC: 2] [AD: 2] [BC: 2] [BD: 2] [CD: 2] [ABC: 1] [ABD: 2] [ACD: 2] [BCD: 1] PASS
[Fri Feb 16 03:27:06 2024] 101110111011111011111101 [AB: 2] [AC: 2] [AD: 2] [BC: 2] [BD: 2] [CD: 2] [ABC: 1] [ABD: 2] [ACD: 2] [BCD: 1] PASS
[Fri Feb 16 03:28:36 2024] 101110111011111011111111 [AB: 2] [AC: 2] [AD: 2] [BC: 2] [BD: 2] [CD: 2] [ABC: 1] [ABD: 2] [ACD: 2] [BCD: 1] PASS
[Fri Feb 16 03:30:10 2024] 101110111011111111011011 [AB: 2] [AC: 2] [AD: 2] [BC: 2] [BD: 2] [CD: 2] [ABC: 1] [ABD: 1] [ACD: 1] [BCD: 1] PASS
[Fri Feb 16 03:31:41 2024] 101110111011111111111011 [AB: 2] [AC: 2] [AD: 2] [BC: 2] [BD: 2] [CD: 1] [ABC: 1] [ABD: 1] [ACD: 1] [BCD: 1] PASS
[Fri Feb 16 03:33:16 2024] 101110111111111110111101 [AB: 2] [AC: 2] [AD: 2] [BC: 2] [BD: 2] [CD: 1] [ABC: 1] [ABD: 1] [ACD: 1] [BCD: 1] PASS
[Fri Feb 16 03:34:50 2024] 101111011011110111111111 [AB: 2] [AC: 2] [AD: 2] [BC: 2] [BD: 2] [CD: 2] [ABC: 1] [ABD: 1] [ACD: 1] [BCD: 1] PASS
[Fri Feb 16 03:36:26 2024] 101111011011111111111111 [AB: 2] [AC: 2] [AD: 0] [BC: 2] [BD: 2] [CD: 2] [ABC: 1] [ABD: 1] [ACD: 0] [BCD: 1] PASS
[Fri Feb 16 03:37:48 2024] 101111011111110111111110 [AB: 2] [AC: 2] [AD: 2] [BC: 2] [BD: 2] [CD: 2] [ABC: 2] [ABD: 2] [ACD: 1] [BCD: 1] PASS
[Fri Feb 16 03:39:22 2024] 101111011111111110111101 [AB: 2] [AC: 2] [AD: 2] [BC: 2] [BD: 0] [CD: 0] [ABC: 1] [ABD: 1] [ACD: 1] [BCD: 1] PASS
[Fri Feb 16 03:40:25 2024] 101111011111111111011110 [AB: 2] [AC: 2] [AD: 2] [BC: 2] [BD: 2] [CD: 2] [ABC: 2] [ABD: 2] [ACD: 1] [BCD: 1] PASS
Finished! 254 models passed.
